2016-12-17 18:26:58,132 WARN  [SoapUI] Missing folder [C:\Workspace\rmm-qa-automation-scripts\ContinuumAutomation\ReadyAPIProjects\ext] for external libraries
2016-12-17 18:26:58,362 INFO  [DefaultSoapUICore] initialized soapui-settings from [C:\Users\sneha.chemburkar\soapui-settings.xml]
2016-12-17 18:26:59,238 INFO  [PluginManager] 0 plugins loaded in 11 ms
2016-12-17 18:26:59,239 INFO  [DefaultSoapUICore] All plugins loaded
2016-12-17 18:26:59,695 WARN  [WsdlProject] Project 'ITGlue Changed URL' is from a newer version (6.0.0) of SoapUI than this (5.2.1) and parts of it may be incompatible or incorrect. Saving this project with this version of SoapUI may cause it to function differently.
2016-12-17 18:27:00,024 INFO  [WsdlProject] Loaded project from [file:/C:/Workspace/rmm-qa-automation-scripts/ContinuumAutomation/ReadyAPIProjects/src/test/ReadyAPIProjectFiles/ITGlue-Changed-URL-lastUserLogOn-soapui-project.xml]
2016-12-17 18:27:00,031 INFO  [SoapUITestCaseRunner] Running SoapUI tests in project [ITGlue Changed URL]
2016-12-17 18:27:00,032 INFO  [SoapUITestCaseRunner] Running Project [ITGlue Changed URL], runType = SEQUENTIAL
2016-12-17 18:27:00,059 INFO  [SoapUITestCaseRunner] Running SoapUI testcase [Devices TestCase]
2016-12-17 18:27:00,065 INFO  [SoapUITestCaseRunner] running step [DataSourceCON]
2016-12-17 18:27:00,068 INFO  [SoapUITestCaseRunner] running step [Devices - Device API - CON check - 13797]
2016-12-17 18:27:01,964 INFO  [SoapUITestCaseRunner] running step [DataSource Loop 2]
2016-12-17 18:27:01,965 INFO  [SoapUITestCaseRunner] running step [ECALOM]
2016-12-17 18:27:02,246 INFO  [SoapUITestCaseRunner] Assertion [Not Contains] has status VALID
2016-12-17 18:27:02,246 INFO  [SoapUITestCaseRunner] running step [Devices - BILAL-DPMATESTING]
2016-12-17 18:27:02,971 INFO  [SoapUITestCaseRunner] Assertion [Contains] has status FAILED
2016-12-17 18:27:02,971 ERROR [SoapUITestCaseRunner] ASSERTION FAILED -> Missing token [lastLoginUser] in Response
2016-12-17 18:27:02,971 INFO  [SoapUITestCaseRunner] Assertion [JsonPath Count] has status FAILED
2016-12-17 18:27:02,971 ERROR [SoapUITestCaseRunner] ASSERTION FAILED -> Assertion failed for path [$..machineID] : IllegalArgumentException:Invalid JSON: <!DOCTYPE html PUBLIC "-//W3C//DTD XHTML 1.0 Strict//EN" "http://www.w3.org/TR/xhtml1/DTD/xhtml1-strict.dtd">
<html xmlns="http://www.w3.org/1999/xhtml">
   <head>
      <meta http-equiv="Content-Type" content="text/html; charset=iso-8859-1"/>
      <title>404 - File or directory not found.</title>
      <style type="text/css">
         <!--body{margin:0;font-size:.7em;font-family:Verdana, Arial, Helvetica, sans-serif;background:#EEEEEE;}
fieldset{padding:0 15px 10px 15px;} 
h1{font-size:2.4em;margin:0;color:#FFF;}
h2{font-size:1.7em;margin:0;color:#CC0000;} 
h3{font-size:1.2em;margin:10px 0 0 0;color:#000000;} 
#header{width:96%;margin:0 0 0 0;padding:6px 2% 6px 2%;font-family:"trebuchet MS", Verdana, sans-serif;color:#FFF;
background-color:#555555;}
#content{margin:0 0 0 2%;position:relative;}
.content-container{background:#FFF;width:96%;margin-top:8px;padding:10px;position:relative;}-->
      </style>
   </head>
   <body>
      <div id="header">
         <h1>Server Error</h1>
      </div>
      <div id="content">
         <div class="content-container">
            <fieldset>
               <h2>404 - File or directory not found.</h2>
               <h3>The resource you are looking for might have been removed, had its name changed, or is temporarily unavailable.</h3>
            </fieldset>
         </div>
      </div>
   </body>
</html>
2016-12-17 18:27:02,971 INFO  [SoapUITestCaseRunner] Assertion [JsonPath Match] has status FAILED
2016-12-17 18:27:02,971 ERROR [SoapUITestCaseRunner] ASSERTION FAILED -> Assertion failed for path [$..machineName] : IllegalArgumentException:Invalid JSON: <!DOCTYPE html PUBLIC "-//W3C//DTD XHTML 1.0 Strict//EN" "http://www.w3.org/TR/xhtml1/DTD/xhtml1-strict.dtd">
<html xmlns="http://www.w3.org/1999/xhtml">
   <head>
      <meta http-equiv="Content-Type" content="text/html; charset=iso-8859-1"/>
      <title>404 - File or directory not found.</title>
      <style type="text/css">
         <!--body{margin:0;font-size:.7em;font-family:Verdana, Arial, Helvetica, sans-serif;background:#EEEEEE;}
fieldset{padding:0 15px 10px 15px;} 
h1{font-size:2.4em;margin:0;color:#FFF;}
h2{font-size:1.7em;margin:0;color:#CC0000;} 
h3{font-size:1.2em;margin:10px 0 0 0;color:#000000;} 
#header{width:96%;margin:0 0 0 0;padding:6px 2% 6px 2%;font-family:"trebuchet MS", Verdana, sans-serif;color:#FFF;
background-color:#555555;}
#content{margin:0 0 0 2%;position:relative;}
.content-container{background:#FFF;width:96%;margin-top:8px;padding:10px;position:relative;}-->
      </style>
   </head>
   <body>
      <div id="header">
         <h1>Server Error</h1>
      </div>
      <div id="content">
         <div class="content-container">
            <fieldset>
               <h2>404 - File or directory not found.</h2>
               <h3>The resource you are looking for might have been removed, had its name changed, or is temporarily unavailable.</h3>
            </fieldset>
         </div>
      </div>
   </body>
</html>
2016-12-17 18:27:02,971 INFO  [SoapUITestCaseRunner] Assertion [Not Contains] has status VALID
2016-12-17 18:27:02,972 ERROR [SoapUITestCaseRunner] Devices - BILAL-DPMATESTING failed, exporting to [C:\Workspace\rmm-qa-automation-scripts\ContinuumAutomation\ReadyAPIProjects\target\surefire-reports\Changed_URL-Devices_TestCase-Devices__BILALDPMATESTING-0-FAILED.txt]
2016-12-17 18:27:02,984 INFO  [SoapUITestCaseRunner] Finished running SoapUI testcase [Devices TestCase], time taken: 2340ms, status: FINISHED
2016-12-17 18:27:02,985 INFO  [SoapUITestCaseRunner] Project [ITGlue Changed URL] finished with status [FINISHED] in 2949ms
2016-12-17 18:27:03,010 WARN  [WsdlProject] Project 'ITGlue Changed URL' is from a newer version (6.0.0) of SoapUI than this (5.2.1) and parts of it may be incompatible or incorrect. Saving this project with this version of SoapUI may cause it to function differently.
2016-12-17 18:27:03,035 INFO  [WsdlProject] Loaded project from [file:/C:/Workspace/rmm-qa-automation-scripts/ContinuumAutomation/ReadyAPIProjects/src/test/ReadyAPIProjectFiles/ITGlue-Changed-URL-lastUserLogOn-soapui-project.xml]
